2022-05-02 10:38:21,123 DEBUG __main__ Initializing employees ['TraineeTest\n', 'CtoTest\n', 'Test-CtoSecond\n', 'BreakTest\n']
2022-05-02 10:46:49,586 DEBUG __main__ Initializing employees ['TraineeTest\n', 'CtoTest\n', 'Test-CtoSecond\n', 'BreakTest\n']
2022-05-02 10:47:59,025 DEBUG __main__ Initializing employees ['TraineeTest\n', 'CtoTest\n', 'Test-CtoSecond\n', 'BreakTest\n']
2022-05-02 10:48:05,345 DEBUG __main__ Getting minSkill value for Test Trainee
2022-05-02 10:48:13,554 DEBUG __main__ Initializing employees ['TraineeTest\n', 'CtoTest\n', 'Test-CtoSecond\n', 'BreakTest\n']
2022-05-02 10:52:36,278 DEBUG __main__ Initializing employees ['TraineeTest\n', 'CtoTest\n', 'Test-CtoSecond\n', 'BreakTest\n']
2022-05-02 10:52:36,278 ERROR __main__ [Errno 2] No such file or directory: 'TraineeTest'
Traceback (most recent call last):
  File "c:\Users\cgass\Documents\GitHub\cto_trainee_matching\cto_trainee_matching.py", line 373, in <module>
    file = open(name, 'rb')
FileNotFoundError: [Errno 2] No such file or directory: 'TraineeTest'
2022-05-02 10:52:36,279 DEBUG __main__ Removing TraineeTest
2022-05-02 10:52:42,409 DEBUG __main__ Delete employee selected
2022-05-02 10:54:50,418 DEBUG __main__ Initializing employees ['CtoTest\n', 'Test-CtoSecond\n', 'BreakTest\n', '\n']
2022-05-02 10:54:50,418 ERROR __main__ [Errno 2] No such file or directory: ''
Traceback (most recent call last):
  File "c:\Users\cgass\Documents\GitHub\cto_trainee_matching\cto_trainee_matching.py", line 373, in <module>
    file = open(name, 'rb')
FileNotFoundError: [Errno 2] No such file or directory: ''
2022-05-02 10:54:50,419 DEBUG __main__ Removing 
2022-05-02 10:54:54,081 DEBUG __main__ Delete employee selected
2022-05-02 10:54:58,113 ERROR __main__ Invalid selection while deleting employee. Selection was 3
Traceback (most recent call last):
  File "c:\Users\cgass\Documents\GitHub\cto_trainee_matching\cto_trainee_matching.py", line 581, in <module>
    employee = loaded_list[selection]
IndexError: list index out of range
2022-05-02 10:55:45,721 DEBUG __main__ Initializing employees ['CtoTest\n', 'Test-CtoSecond\n', 'BreakTest\n', '\n']
2022-05-02 10:55:45,722 ERROR __main__ [Errno 2] No such file or directory: ''
Traceback (most recent call last):
  File "c:\Users\cgass\Documents\GitHub\cto_trainee_matching\cto_trainee_matching.py", line 373, in <module>
    file = open(name, 'rb')
FileNotFoundError: [Errno 2] No such file or directory: ''
2022-05-02 10:55:45,723 DEBUG __main__ Removing 
2022-05-02 10:55:49,169 DEBUG __main__ Starting create_employee
2022-05-02 10:56:02,617 ERROR __main__ '0'
Traceback (most recent call last):
  File "c:\Users\cgass\Documents\GitHub\cto_trainee_matching\cto_trainee_matching.py", line 203, in create_employee
    schedule = schedules[schedule]
KeyError: '0'
2022-05-02 10:56:02,617 DEBUG __main__ Assigning new shift to Test Trainee
2022-05-02 10:56:02,617 DEBUG __main__ Setting schedule to 0 for Test Trainee
2022-05-02 10:56:02,617 DEBUG __main__ Setting call taking value to 0 for Test Trainee
2022-05-02 10:56:02,618 DEBUG __main__ Setting police value to 0 for Test Trainee
2022-05-02 10:56:02,618 DEBUG __main__ Setting fire value to 0 for Test Trainee
2022-05-02 10:56:02,618 DEBUG __main__ Setting new minSkill value to 1 for Test Trainee
2022-05-02 10:56:19,441 DEBUG __main__ Getting minSkill value for Test Trainee
2022-05-02 10:57:23,872 DEBUG __main__ Delete employee selected
2022-05-02 10:57:29,848 ERROR __main__ Invalid selection while deleting employee. Selection was 3
Traceback (most recent call last):
  File "c:\Users\cgass\Documents\GitHub\cto_trainee_matching\cto_trainee_matching.py", line 581, in <module>
    employee = loaded_list[selection]
IndexError: list index out of range
2022-05-02 10:58:35,691 DEBUG __main__ Initializing employees ['CtoTest\n', 'Test-CtoSecond\n', 'BreakTest\n', '\n', 'TraineeTest\n']
2022-05-02 10:58:35,692 ERROR __main__ [Errno 2] No such file or directory: ''
Traceback (most recent call last):
  File "c:\Users\cgass\Documents\GitHub\cto_trainee_matching\cto_trainee_matching.py", line 375, in <module>
    file = open(name, 'rb')
FileNotFoundError: [Errno 2] No such file or directory: ''
2022-05-02 10:58:35,693 DEBUG __main__ Removing 
2022-05-02 10:58:40,657 DEBUG __main__ Delete employee selected
2022-05-02 10:59:21,580 DEBUG __main__ Initializing employees ['CtoTest\n', 'Test-CtoSecond\n', 'BreakTest\n', 'TraineeTest\n', '\n']
2022-05-02 10:59:21,582 ERROR __main__ [Errno 2] No such file or directory: ''
Traceback (most recent call last):
  File "c:\Users\cgass\Documents\GitHub\cto_trainee_matching\cto_trainee_matching.py", line 375, in <module>
    file = open(name, 'rb')
FileNotFoundError: [Errno 2] No such file or directory: ''
2022-05-02 10:59:21,583 DEBUG __main__ Removing 
2022-05-02 10:59:31,952 DEBUG __main__ Delete employee selected
2022-05-02 11:00:52,155 DEBUG __main__ Initializing employees ['CtoTest\n', 'Test-CtoSecond\n', 'BreakTest\n', 'TraineeTest\n', '\n']
2022-05-02 11:00:52,156 ERROR __main__ [Errno 2] No such file or directory: ''
Traceback (most recent call last):
  File "c:\Users\cgass\Documents\GitHub\cto_trainee_matching\cto_trainee_matching.py", line 375, in <module>
    file = open(name, 'rb')
FileNotFoundError: [Errno 2] No such file or directory: ''
2022-05-02 11:00:52,157 DEBUG __main__ Removing 
2022-05-02 11:00:58,832 DEBUG __main__ Delete employee selected
2022-05-02 11:01:06,969 DEBUG __main__ Deleting TraineeTest
2022-05-02 11:07:35,463 DEBUG __main__ Initializing employees ['CtoTest\n', 'Test-CtoSecond\n', 'BreakTest\n', 'TraineeTest\n', '\n']
2022-05-02 11:07:35,463 ERROR __main__ [Errno 2] No such file or directory: 'TraineeTest'
Traceback (most recent call last):
  File "c:\Users\cgass\Documents\GitHub\cto_trainee_matching\cto_trainee_matching.py", line 375, in <module>
    file = open(name, 'rb')
FileNotFoundError: [Errno 2] No such file or directory: 'TraineeTest'
2022-05-02 11:07:35,464 DEBUG __main__ Removing TraineeTest
2022-05-02 11:07:42,761 DEBUG __main__ Starting create_employee
2022-05-02 11:08:02,488 ERROR __main__ '0'
Traceback (most recent call last):
  File "c:\Users\cgass\Documents\GitHub\cto_trainee_matching\cto_trainee_matching.py", line 205, in create_employee
    schedule = schedules[schedule]
KeyError: '0'
2022-05-02 11:08:02,489 DEBUG __main__ Assigning new shift to Test Trainee
2022-05-02 11:08:02,489 DEBUG __main__ Setting schedule to 0 for Test Trainee
2022-05-02 11:08:02,489 DEBUG __main__ Setting call taking value to 0 for Test Trainee
2022-05-02 11:08:02,489 DEBUG __main__ Setting police value to 0 for Test Trainee
2022-05-02 11:08:02,489 DEBUG __main__ Setting fire value to 0 for Test Trainee
2022-05-02 11:08:02,489 DEBUG __main__ Setting new minSkill value to 1 for Test Trainee
2022-05-02 11:08:13,040 DEBUG __main__ Getting shift for Test Trainee
2022-05-02 11:08:13,040 DEBUG __main__ Getting schedule for Test Trainee
2022-05-02 11:08:13,040 DEBUG __main__ Starting match_trainee_to_any with inputs:
 Last Name: Trainee, First Name: Test
Shift: 0
Schedule: 0 and calltaking

2022-05-02 11:08:13,040 DEBUG __main__ Considering CTO Test Cto
2022-05-02 11:08:13,040 DEBUG __main__ Getting assigned value for Test Cto
2022-05-02 11:08:13,040 DEBUG __main__ Considering CTO Second Test-Cto
2022-05-02 11:08:13,041 DEBUG __main__ Getting assigned value for Second Test-Cto
2022-05-02 11:08:13,041 DEBUG __main__ Considering CTO Test Break
2022-05-02 11:08:13,041 DEBUG __main__ Getting assigned value for Test Break
2022-05-02 11:08:13,041 DEBUG __main__ Getting call taking value for Test Break
2022-05-02 11:08:13,041 DEBUG __main__ Matches discipline: Test Break
2022-05-02 11:08:13,041 DEBUG __main__ Getting minSkill value for Test Trainee
2022-05-02 11:08:13,041 DEBUG __main__ Getting minSkill value for Test Trainee
2022-05-02 11:08:13,041 DEBUG __main__ Adding Test Break to options list
2022-05-02 11:08:13,041 DEBUG __main__ Checking non-ideal CTO Test Break
2022-05-02 11:08:13,041 DEBUG __main__ Getting schedule for Test Break
2022-05-02 11:08:13,041 DEBUG __main__ Getting shift for Test Break
2022-05-02 11:08:13,041 DEBUG __main__ Checking CTO Test Cto
2022-05-02 11:08:13,041 DEBUG __main__ Getting shift for Test Cto
2022-05-02 11:08:13,041 DEBUG __main__ Comparing shifts: 1 1
2022-05-02 11:08:13,041 DEBUG __main__ Getting shift for Test Cto
2022-05-02 11:08:13,041 DEBUG __main__ CTO shifts match, checking schedules
2022-05-02 11:08:13,042 DEBUG __main__ Getting schedule for Test Cto
2022-05-02 11:08:13,042 DEBUG __main__ Test Schedule: [0, 1, 2, 2, 2, 1, 0][0, 1, 1, 2, 1, 1, 0]
2022-05-02 11:08:13,042 DEBUG __main__ Checking CTO Second Test-Cto
2022-05-02 11:08:13,042 DEBUG __main__ Getting shift for Second Test-Cto
2022-05-02 11:08:13,042 DEBUG __main__ Comparing shifts: 1 1
2022-05-02 11:08:13,042 DEBUG __main__ Getting shift for Second Test-Cto
2022-05-02 11:08:13,042 DEBUG __main__ CTO shifts match, checking schedules
2022-05-02 11:08:13,042 DEBUG __main__ Getting schedule for Second Test-Cto
2022-05-02 11:08:13,042 DEBUG __main__ Test Schedule: [0, 0, 1, 1, 2, 2, 1][1, 0, 0, 1, 2, 2, 1]
2022-05-02 11:08:13,042 DEBUG __main__ Checking CTO Test Break
2022-05-02 11:08:13,042 DEBUG __main__ Getting shift for Test Break
2022-05-02 11:08:13,042 DEBUG __main__ Comparing shifts: 1 1
2022-05-02 11:08:25,992 DEBUG __main__ Selected match: q
2022-05-02 11:08:25,992 ERROR __main__ invalid literal for int() with base 10: 'q'
Traceback (most recent call last):
  File "c:\Users\cgass\Documents\GitHub\cto_trainee_matching\cto_trainee_matching.py", line 440, in <module>
    selected_match = int(selected_match)
ValueError: invalid literal for int() with base 10: 'q'
2022-05-02 11:10:16,013 DEBUG __main__ Initializing employees ['CtoTest\n', 'Test-CtoSecond\n', 'BreakTest\n', '\n', '\n', 'TraineeTest\n']
2022-05-02 11:10:16,013 ERROR __main__ [Errno 2] No such file or directory: ''
Traceback (most recent call last):
  File "c:\Users\cgass\Documents\GitHub\cto_trainee_matching\cto_trainee_matching.py", line 375, in <module>
    file = open(name, 'rb')
FileNotFoundError: [Errno 2] No such file or directory: ''
2022-05-02 11:10:16,014 DEBUG __main__ Removing 
2022-05-02 11:10:22,432 DEBUG __main__ Getting shift for Test Trainee
2022-05-02 11:10:22,432 DEBUG __main__ Getting schedule for Test Trainee
2022-05-02 11:10:22,432 DEBUG __main__ Starting match_trainee_to_any with inputs:
 Last Name: Trainee, First Name: Test
Shift: 0
Schedule: 0 and calltaking

2022-05-02 11:10:22,432 DEBUG __main__ Considering CTO Test Cto
2022-05-02 11:10:22,433 DEBUG __main__ Getting assigned value for Test Cto
2022-05-02 11:10:22,433 DEBUG __main__ Considering CTO Second Test-Cto
2022-05-02 11:10:22,433 DEBUG __main__ Getting assigned value for Second Test-Cto
2022-05-02 11:10:22,433 DEBUG __main__ Considering CTO Test Break
2022-05-02 11:10:22,433 DEBUG __main__ Getting assigned value for Test Break
2022-05-02 11:10:22,433 DEBUG __main__ Getting call taking value for Test Break
2022-05-02 11:10:22,433 DEBUG __main__ Matches discipline: Test Break
2022-05-02 11:10:22,433 DEBUG __main__ Getting minSkill value for Test Trainee
2022-05-02 11:10:22,433 DEBUG __main__ Getting minSkill value for Test Trainee
2022-05-02 11:10:22,433 DEBUG __main__ Adding Test Break to options list
2022-05-02 11:10:22,433 DEBUG __main__ Checking non-ideal CTO Test Break
2022-05-02 11:10:22,433 DEBUG __main__ Getting schedule for Test Break
2022-05-02 11:10:22,433 DEBUG __main__ Getting shift for Test Break
2022-05-02 11:10:22,433 DEBUG __main__ Checking CTO Test Cto
2022-05-02 11:10:22,433 DEBUG __main__ Getting shift for Test Cto
2022-05-02 11:10:22,433 DEBUG __main__ Comparing shifts: 1 1
2022-05-02 11:10:22,434 DEBUG __main__ Getting shift for Test Cto
2022-05-02 11:10:22,434 DEBUG __main__ CTO shifts match, checking schedules
2022-05-02 11:10:22,434 DEBUG __main__ Getting schedule for Test Cto
2022-05-02 11:10:22,434 DEBUG __main__ Test Schedule: [0, 1, 2, 2, 2, 1, 0][0, 1, 1, 2, 1, 1, 0]
2022-05-02 11:10:22,434 DEBUG __main__ Checking CTO Second Test-Cto
2022-05-02 11:10:22,434 DEBUG __main__ Getting shift for Second Test-Cto
2022-05-02 11:10:22,434 DEBUG __main__ Comparing shifts: 1 1
2022-05-02 11:10:22,434 DEBUG __main__ Getting shift for Second Test-Cto
2022-05-02 11:10:22,434 DEBUG __main__ CTO shifts match, checking schedules
2022-05-02 11:10:22,434 DEBUG __main__ Getting schedule for Second Test-Cto
2022-05-02 11:10:22,434 DEBUG __main__ Test Schedule: [0, 0, 1, 1, 2, 2, 1][1, 0, 0, 1, 2, 2, 1]
2022-05-02 11:10:22,434 DEBUG __main__ Checking CTO Test Break
2022-05-02 11:10:22,434 DEBUG __main__ Getting shift for Test Break
2022-05-02 11:10:22,434 DEBUG __main__ Comparing shifts: 1 1
2022-05-02 11:10:23,968 DEBUG __main__ Selected match: q
2022-05-02 11:10:53,379 DEBUG __main__ Initializing employees ['CtoTest\n', 'Test-CtoSecond\n', 'BreakTest\n', '\n', 'TraineeTest\n', '\n']
2022-05-02 11:10:53,380 ERROR __main__ [Errno 2] No such file or directory: ''
Traceback (most recent call last):
  File "c:\Users\cgass\Documents\GitHub\cto_trainee_matching\cto_trainee_matching.py", line 375, in <module>
    file = open(name, 'rb')
FileNotFoundError: [Errno 2] No such file or directory: ''
2022-05-02 11:10:53,380 DEBUG __main__ Removing 
2022-05-02 11:10:53,381 ERROR __main__ [Errno 2] No such file or directory: ''
Traceback (most recent call last):
  File "c:\Users\cgass\Documents\GitHub\cto_trainee_matching\cto_trainee_matching.py", line 375, in <module>
    file = open(name, 'rb')
FileNotFoundError: [Errno 2] No such file or directory: ''
2022-05-02 11:10:53,381 DEBUG __main__ Removing 
2022-05-02 11:11:31,207 DEBUG __main__ Initializing employees ['CtoTest\n', 'Test-CtoSecond\n', 'BreakTest\n', 'TraineeTest\n', '\n']
2022-05-02 11:11:31,207 ERROR __main__ [Errno 2] No such file or directory: ''
Traceback (most recent call last):
  File "c:\Users\cgass\Documents\GitHub\cto_trainee_matching\cto_trainee_matching.py", line 375, in <module>
    file = open(name, 'rb')
FileNotFoundError: [Errno 2] No such file or directory: ''
2022-05-02 11:11:31,208 DEBUG __main__ Removing 
2022-05-02 11:11:38,240 DEBUG __main__ Getting shift for Test Trainee
2022-05-02 11:11:38,240 DEBUG __main__ Getting schedule for Test Trainee
2022-05-02 11:11:38,240 DEBUG __main__ Starting match_trainee_to_any with inputs:
 Last Name: Trainee, First Name: Test
Shift: 0
Schedule: 0 and calltaking

2022-05-02 11:11:38,241 DEBUG __main__ Considering CTO Test Cto
2022-05-02 11:11:38,241 DEBUG __main__ Getting assigned value for Test Cto
2022-05-02 11:11:38,241 DEBUG __main__ Considering CTO Second Test-Cto
2022-05-02 11:11:38,241 DEBUG __main__ Getting assigned value for Second Test-Cto
2022-05-02 11:11:38,241 DEBUG __main__ Considering CTO Test Break
2022-05-02 11:11:38,241 DEBUG __main__ Getting assigned value for Test Break
2022-05-02 11:11:38,241 DEBUG __main__ Getting call taking value for Test Break
2022-05-02 11:11:38,241 DEBUG __main__ Matches discipline: Test Break
2022-05-02 11:11:38,241 DEBUG __main__ Getting minSkill value for Test Trainee
2022-05-02 11:11:38,241 DEBUG __main__ Getting minSkill value for Test Trainee
2022-05-02 11:11:38,241 DEBUG __main__ Adding Test Break to options list
2022-05-02 11:11:38,241 DEBUG __main__ Checking non-ideal CTO Test Break
2022-05-02 11:11:38,241 DEBUG __main__ Getting schedule for Test Break
2022-05-02 11:11:38,241 DEBUG __main__ Getting shift for Test Break
2022-05-02 11:11:38,241 DEBUG __main__ Checking CTO Test Cto
2022-05-02 11:11:38,241 DEBUG __main__ Getting shift for Test Cto
2022-05-02 11:11:38,241 DEBUG __main__ Comparing shifts: 1 1
2022-05-02 11:11:38,242 DEBUG __main__ Getting shift for Test Cto
2022-05-02 11:11:38,242 DEBUG __main__ CTO shifts match, checking schedules
2022-05-02 11:11:38,242 DEBUG __main__ Getting schedule for Test Cto
2022-05-02 11:11:38,242 DEBUG __main__ Test Schedule: [0, 1, 2, 2, 2, 1, 0][0, 1, 1, 2, 1, 1, 0]
2022-05-02 11:11:38,242 DEBUG __main__ Checking CTO Second Test-Cto
2022-05-02 11:11:38,242 DEBUG __main__ Getting shift for Second Test-Cto
2022-05-02 11:11:38,242 DEBUG __main__ Comparing shifts: 1 1
2022-05-02 11:11:38,242 DEBUG __main__ Getting shift for Second Test-Cto
2022-05-02 11:11:38,242 DEBUG __main__ CTO shifts match, checking schedules
2022-05-02 11:11:38,242 DEBUG __main__ Getting schedule for Second Test-Cto
2022-05-02 11:11:38,242 DEBUG __main__ Test Schedule: [0, 0, 1, 1, 2, 2, 1][1, 0, 0, 1, 2, 2, 1]
2022-05-02 11:11:38,242 DEBUG __main__ Checking CTO Test Break
2022-05-02 11:11:38,242 DEBUG __main__ Getting shift for Test Break
2022-05-02 11:11:38,242 DEBUG __main__ Comparing shifts: 1 1
2022-05-02 11:11:40,288 DEBUG __main__ Selected match: q
